app/build/intermediates/manifest_merge_blame_file/debug/manifest-merger-blame-debug-report.txt
1<?xml version="1.0" encoding="utf-8"?>
2<manifest xmlns:android="http://schemas.android.com/apk/res/android"
3    package="com.ghostlock.app"
4    android:versionCode="1"
5    android:versionName="1.0.0" >
6
7    <uses-sdk
8        android:minSdkVersion="26"
9        android:targetSdkVersion="34" />
10
11    <!-- Разрешения -->
12    <uses-permission android:name="android.permission.FOREGROUND_SERVICE" />
12-->src/main/AndroidManifest.xml:6:5-77
12-->src/main/AndroidManifest.xml:6:22-74
13    <uses-permission android:name="android.permission.FOREGROUND_SERVICE_SPECIAL_USE" />
13-->src/main/AndroidManifest.xml:7:5-89
13-->src/main/AndroidManifest.xml:7:22-86
14    <uses-permission android:name="android.permission.RECEIVE_BOOT_COMPLETED" />
14-->src/main/AndroidManifest.xml:8:5-81
14-->src/main/AndroidManifest.xml:8:22-78
15    <uses-permission android:name="android.permission.VIBRATE" />
15-->src/main/AndroidManifest.xml:9:5-66
15-->src/main/AndroidManifest.xml:9:22-63
16    <uses-permission android:name="android.permission.PACKAGE_USAGE_STATS" />
16-->src/main/AndroidManifest.xml:10:5-78
16-->src/main/AndroidManifest.xml:10:22-75
17    <uses-permission android:name="android.permission.READ_PHONE_STATE" />
17-->src/main/AndroidManifest.xml:11:5-75
17-->src/main/AndroidManifest.xml:11:22-72
18    <uses-permission android:name="android.permission.REQUEST_IGNORE_BATTERY_OPTIMIZATIONS" />
18-->src/main/AndroidManifest.xml:12:5-95
18-->src/main/AndroidManifest.xml:12:22-92
19
20    <permission
20-->[androidx.core:core:1.12.0] AndroidManifest.xml:22:5-24:47
21        android:name="com.ghostlock.app.DYNAMIC_RECEIVER_NOT_EXPORTED_PERMISSION"
21-->[androidx.core:core:1.12.0] AndroidManifest.xml:23:9-81
22        android:protectionLevel="signature" />
22-->[androidx.core:core:1.12.0] AndroidManifest.xml:24:9-44
23
24    <uses-permission android:name="com.ghostlock.app.DYNAMIC_RECEIVER_NOT_EXPORTED_PERMISSION" />
24-->[androidx.core:core:1.12.0] AndroidManifest.xml:26:5-97
24-->[androidx.core:core:1.12.0] AndroidManifest.xml:26:22-94
25
26    <application
26-->src/main/AndroidManifest.xml:14:5-71:19
27        android:allowBackup="true"
27-->src/main/AndroidManifest.xml:15:9-35
28        android:appComponentFactory="androidx.core.app.CoreComponentFactory"
28-->[androidx.core:core:1.12.0] AndroidManifest.xml:28:18-86
29        android:debuggable="true"
30        android:extractNativeLibs="false"
31        android:icon="@mipmap/ic_launcher"
31-->src/main/AndroidManifest.xml:16:9-43
32        android:label="Ghost Lock"
32-->src/main/AndroidManifest.xml:17:9-35
33        android:theme="@style/Theme.GhostLock" >
33-->src/main/AndroidManifest.xml:18:9-47
34
35        <!-- Онбординг -->
36        <activity
36-->src/main/AndroidManifest.xml:21:9-28:20
37            android:name="com.ghostlock.app.OnboardingActivity"
37-->src/main/AndroidManifest.xml:22:13-47
38            android:exported="true" >
38-->src/main/AndroidManifest.xml:23:13-36
39            <intent-filter>
39-->src/main/AndroidManifest.xml:24:13-27:29
40                <action android:name="android.intent.action.MAIN" />
40-->src/main/AndroidManifest.xml:25:17-69
40-->src/main/AndroidManifest.xml:25:25-66
41
42                <category android:name="android.intent.category.LAUNCHER" />
42-->src/main/AndroidManifest.xml:26:17-77
42-->src/main/AndroidManifest.xml:26:27-74
43            </intent-filter>
44        </activity>
45
46        <!-- Настройки -->
47        <activity
47-->src/main/AndroidManifest.xml:31:9-33:40
48            android:name="com.ghostlock.app.SettingsActivity"
48-->src/main/AndroidManifest.xml:32:13-45
49            android:exported="false" />
49-->src/main/AndroidManifest.xml:33:13-37
50
51        <!-- Помощник удаления -->
52        <activity
52-->src/main/AndroidManifest.xml:36:9-39:56
53            android:name="com.ghostlock.app.UninstallHelper"
53-->src/main/AndroidManifest.xml:37:13-44
54            android:exported="false"
54-->src/main/AndroidManifest.xml:38:13-37
55            android:theme="@style/Theme.Transparent" />
55-->src/main/AndroidManifest.xml:39:13-53
56
57        <!-- Foreground сервис -->
58        <service
58-->src/main/AndroidManifest.xml:42:9-45:58
59            android:name="com.ghostlock.app.LockService"
59-->src/main/AndroidManifest.xml:43:13-40
60            android:exported="false"
60-->src/main/AndroidManifest.xml:44:13-37
61            android:foregroundServiceType="specialUse" />
61-->src/main/AndroidManifest.xml:45:13-55
62
63        <!-- Приёмник экрана -->
64        <receiver
64-->src/main/AndroidManifest.xml:48:9-56:20
65            android:name="com.ghostlock.app.ScreenStateReceiver"
65-->src/main/AndroidManifest.xml:49:13-48
66            android:exported="false" >
66-->src/main/AndroidManifest.xml:50:13-37
67            <intent-filter>
67-->src/main/AndroidManifest.xml:51:13-55:29
68                <action android:name="android.intent.action.SCREEN_ON" />
68-->src/main/AndroidManifest.xml:52:17-74
68-->src/main/AndroidManifest.xml:52:25-71
69                <action android:name="android.intent.action.SCREEN_OFF" />
69-->src/main/AndroidManifest.xml:53:17-75
69-->src/main/AndroidManifest.xml:53:25-72
70                <action android:name="android.intent.action.BOOT_COMPLETED" />
70-->src/main/AndroidManifest.xml:54:17-79
70-->src/main/AndroidManifest.xml:54:25-76
71            </intent-filter>
72        </receiver>
73
74        <!-- Device Admin -->
75        <receiver
75-->src/main/AndroidManifest.xml:59:9-69:20
76            android:name="com.ghostlock.app.AdminReceiver"
76-->src/main/AndroidManifest.xml:60:13-42
77            android:exported="false"
77-->src/main/AndroidManifest.xml:61:13-37
78            android:permission="android.permission.BIND_DEVICE_ADMIN" >
78-->src/main/AndroidManifest.xml:62:13-70
79            <meta-data
79-->src/main/AndroidManifest.xml:63:13-65:56
80                android:name="android.app.device_admin"
80-->src/main/AndroidManifest.xml:64:17-56
81                android:resource="@xml/device_admin" />
81-->src/main/AndroidManifest.xml:65:17-53
82
83            <intent-filter>
83-->src/main/AndroidManifest.xml:66:13-68:29
84                <action android:name="android.app.action.DEVICE_ADMIN_ENABLED" />
84-->src/main/AndroidManifest.xml:67:17-82
84-->src/main/AndroidManifest.xml:67:25-79
85            </intent-filter>
86        </receiver>
87
88        <provider
88-->[androidx.emoji2:emoji2:1.2.0] AndroidManifest.xml:24:9-32:20
89            android:name="androidx.startup.InitializationProvider"
89-->[androidx.emoji2:emoji2:1.2.0] AndroidManifest.xml:25:13-67
90            android:authorities="com.ghostlock.app.androidx-startup"
90-->[androidx.emoji2:emoji2:1.2.0] AndroidManifest.xml:26:13-68
91            android:exported="false" >
91-->[androidx.emoji2:emoji2:1.2.0] AndroidManifest.xml:27:13-37
92            <meta-data
92-->[androidx.emoji2:emoji2:1.2.0] AndroidManifest.xml:29:13-31:52
93                android:name="androidx.emoji2.text.EmojiCompatInitializer"
93-->[androidx.emoji2:emoji2:1.2.0] AndroidManifest.xml:30:17-75
94                android:value="androidx.startup" />
94-->[androidx.emoji2:emoji2:1.2.0] AndroidManifest.xml:31:17-49
95            <meta-data
95-->[androidx.lifecycle:lifecycle-process:2.6.1] AndroidManifest.xml:29:13-31:52
96                android:name="androidx.lifecycle.ProcessLifecycleInitializer"
96-->[androidx.lifecycle:lifecycle-process:2.6.1] AndroidManifest.xml:30:17-78
97                android:value="androidx.startup" />
97-->[androidx.lifecycle:lifecycle-process:2.6.1] AndroidManifest.xml:31:17-49
98            <meta-data
98-->[androidx.profileinstaller:profileinstaller:1.3.0] AndroidManifest.xml:29:13-31:52
99                android:name="androidx.profileinstaller.ProfileInstallerInitializer"
99-->[androidx.profileinstaller:profileinstaller:1.3.0] AndroidManifest.xml:30:17-85
100                android:value="androidx.startup" />
100-->[androidx.profileinstaller:profileinstaller:1.3.0] AndroidManifest.xml:31:17-49
101        </provider>
102
103        <receiver
103-->[androidx.profileinstaller:profileinstaller:1.3.0] AndroidManifest.xml:34:9-52:20
104            android:name="androidx.profileinstaller.ProfileInstallReceiver"
104-->[androidx.profileinstaller:profileinstaller:1.3.0] AndroidManifest.xml:35:13-76
105            android:directBootAware="false"
105-->[androidx.profileinstaller:profileinstaller:1.3.0] AndroidManifest.xml:36:13-44
106            android:enabled="true"
106-->[androidx.profileinstaller:profileinstaller:1.3.0] AndroidManifest.xml:37:13-35
107            android:exported="true"
107-->[androidx.profileinstaller:profileinstaller:1.3.0] AndroidManifest.xml:38:13-36
108            android:permission="android.permission.DUMP" >
108-->[androidx.profileinstaller:profileinstaller:1.3.0] AndroidManifest.xml:39:13-57
109            <intent-filter>
109-->[androidx.profileinstaller:profileinstaller:1.3.0] AndroidManifest.xml:40:13-42:29
110                <action android:name="androidx.profileinstaller.action.INSTALL_PROFILE" />
110-->[androidx.profileinstaller:profileinstaller:1.3.0] AndroidManifest.xml:41:17-91
110-->[androidx.profileinstaller:profileinstaller:1.3.0] AndroidManifest.xml:41:25-88
111            </intent-filter>
112            <intent-filter>
112-->[androidx.profileinstaller:profileinstaller:1.3.0] AndroidManifest.xml:43:13-45:29
113                <action android:name="androidx.profileinstaller.action.SKIP_FILE" />
113-->[androidx.profileinstaller:profileinstaller:1.3.0] AndroidManifest.xml:44:17-85
113-->[androidx.profileinstaller:profileinstaller:1.3.0] AndroidManifest.xml:44:25-82
114            </intent-filter>
115            <intent-filter>
115-->[androidx.profileinstaller:profileinstaller:1.3.0] AndroidManifest.xml:46:13-48:29
116                <action android:name="androidx.profileinstaller.action.SAVE_PROFILE" />
116-->[androidx.profileinstaller:profileinstaller:1.3.0] AndroidManifest.xml:47:17-88
116-->[androidx.profileinstaller:profileinstaller:1.3.0] AndroidManifest.xml:47:25-85
117            </intent-filter>
118            <intent-filter>
118-->[androidx.profileinstaller:profileinstaller:1.3.0] AndroidManifest.xml:49:13-51:29
119                <action android:name="androidx.profileinstaller.action.BENCHMARK_OPERATION" />
119-->[androidx.profileinstaller:profileinstaller:1.3.0] AndroidManifest.xml:50:17-95
119-->[androidx.profileinstaller:profileinstaller:1.3.0] AndroidManifest.xml:50:25-92
120            </intent-filter>
121        </receiver>
122    </application>
123
124</manifest>